<?xml version="1.0" encoding="UTF-8"?>
<!-- Generated by org.testng.reporters.JUnitReportReporter -->
<testsuite hostname="DESKTOP-TFUFUVK" failures="0" tests="1" name="SatishRaja.DeleteGithubJenkins.TestGithubJenkins" time="0.008" errors="0" timestamp="2024-01-13T14:42:16 IST" skipped="0">
  <testcase classname="SatishRaja.DeleteGithubJenkins.TestGithubJenkins" name="Test01" time="0.008"/>
</testsuite> <!-- SatishRaja.DeleteGithubJenkins.TestGithubJenkins -->
